Drill Listing
=============
Drill: .01181  Tool: 1  Feed: 95  Speed: 300
X 418897  Y 397834
X 419881  Y 419291
X 399409  Y 420275
X 410039  Y 422244
X 410629  Y 430511
X 399015  Y 431299
X 419094  Y 435826
X 399212  Y 445078
X 412007  Y 446653
X 398818  Y 463779
X 398622  Y 470669
X 412401  Y 470669
X 421259  Y 480905
X 416732  Y 480905
X 406299  Y 481889
X 416732  Y 486023
X 417519  Y 491732
X 407874  Y 496653
X 418307  Y 498031
X 420669  Y 501771
X 420669  Y 506692
X 407480  Y 510629
X 418307  Y 510629
X 413582  Y 520866
X 414566  Y 527755
X 419881  Y 543700
X 413976  Y 545275
X 418897  Y 587992
X 397834  Y 588779
X 419488  Y 610039
X 425590  Y 580905
X 434251  Y 580314
X 434251  Y 571850
X 425590  Y 568700
X 433858  Y 568110
X 439566  Y 567519
X 433661  Y 560039
X 441141  Y 560039
X 446653  Y 559645
X 425590  Y 556496
X 433858  Y 553740
X 437401  Y 552755
X 434645  Y 550196
X 444094  Y 545866
X 430905  Y 543307
X 443700  Y 537992
X 429724  Y 531692
X 429724  Y 525393
X 443700  Y 525393
X 438188  Y 521850
X 446653  Y 516141
X 423425  Y 510629
X 445669  Y 510629
X 436023  Y 508464
X 426181  Y 501771
X 428740  Y 498031
X 423425  Y 498031
X 439566  Y 496653
X 428740  Y 493503
X 436023  Y 484842
X 446653  Y 480314
X 438976  Y 471653
X 429724  Y 467913
X 443700  Y 467716
X 429724  Y 460826
X 443700  Y 455118
X 426771  Y 446850
X 446653  Y 445866
X 442716  Y 440354
X 430314  Y 432677
X 430314  Y 428740
X 430314  Y 424803
X 428740  Y 416141
X 437007  Y 397637
X 446062  Y 397637
X 426771  Y 397637
X 461220  Y 397637
X 454330  Y 397637
X 466929  Y 400000
X 462401  Y 411811
X 468503  Y 415944
X 468503  Y 440944
X 456102  Y 442125
X 456102  Y 449803
X 456889  Y 455118
X 468307  Y 460433
X 447834  Y 461417
X 453346  Y 461417
X 468307  Y 467716
X 456889  Y 467716
X 468110  Y 475787
X 456102  Y 476574
X 456102  Y 484251
X 451968  Y 491141
X 461614  Y 491141
X 451968  Y 496653
X 461614  Y 496653
X 466929  Y 496653
X 451968  Y 503149
X 472637  Y 503346
X 461614  Y 503346
X 468700  Y 511023
X 456102  Y 512401
X 456102  Y 519291
X 457677  Y 525393
X 468307  Y 530708
X 453346  Y 531692
X 447834  Y 531692
X 457677  Y 537992
X 468307  Y 537992
X 459251  Y 555314
X 455708  Y 560826
X 458070  Y 564763
X 461023  Y 567322
X 448228  Y 578149
X 458858  Y 580708
X 479527  Y 580314
X 494488  Y 575196
X 489960  Y 575196
X 487992  Y 562204
X 475590  Y 555314
X 487401  Y 537992
X 478149  Y 537992
X 486023  Y 515354
X 477362  Y 515354
X 495472  Y 513976
X 477362  Y 511023
X 486023  Y 511023
X 495472  Y 504330
X 486023  Y 503346
X 476771  Y 480118
X 485433  Y 480118
X 495472  Y 479133
X 485433  Y 475787
X 476771  Y 475787
X 478149  Y 467716
X 487401  Y 467716
X 477165  Y 445275
X 485826  Y 445275
X 495472  Y 444094
X 485826  Y 440944
X 477165  Y 440944
X 493307  Y 427362
X 495078  Y 421259
X 473622  Y 415944
X 478543  Y 415944
X 473031  Y 400000
X 504921  Y 397244
X 519881  Y 407086
X 500984  Y 422047
X 514173  Y 422834
X 521062  Y 427755
X 517125  Y 427755
X 518503  Y 439566
X 510629  Y 443503
X 499803  Y 444094
X 521062  Y 447637
X 499803  Y 448425
X 512007  Y 453543
X 499212  Y 458464
X 503149  Y 458464
X 500984  Y 471062
X 521062  Y 475984
X 512007  Y 476968
X 499803  Y 479133
X 499803  Y 483661
X 512007  Y 488582
X 499212  Y 493503
X 503149  Y 493503
X 504527  Y 504133
X 514173  Y 507086
X 499803  Y 513976
X 505511  Y 514763
X 499803  Y 518307
X 511220  Y 518700
X 512007  Y 523818
X 502952  Y 528543
X 499409  Y 528543
X 513385  Y 542322
X 505314  Y 542519
X 499606  Y 549803
X 502165  Y 558267
X 517125  Y 558661
X 521062  Y 558661
X 500984  Y 575000
X 522047  Y 575393
X 540551  Y 576968
X 546062  Y 564763
X 524212  Y 563582
X 535236  Y 556496
X 524409  Y 550000
X 546456  Y 549803
X 546062  Y 542913
X 533661  Y 534055
X 546653  Y 534055
X 544488  Y 528346
X 531102  Y 524606
X 522834  Y 521653
X 525590  Y 516141
X 547440  Y 514763
X 545472  Y 510039
X 538385  Y 509645
X 542519  Y 495078
X 524409  Y 489763
X 543503  Y 488779
X 539763  Y 486220
X 541535  Y 472047
X 532480  Y 468503
X 541535  Y 468503
X 541535  Y 461614
X 525000  Y 457677
X 540944  Y 451968
X 531496  Y 450000
X 540944  Y 445669
X 542519  Y 437204
X 525196  Y 431299
X 540944  Y 429527
X 547244  Y 425787
X 524409  Y 417716
X 552559  Y 417913
X 565354  Y 420275
X 555118  Y 420669
X 550787  Y 423228
X 553937  Y 426377
X 557480  Y 427559
X 570472  Y 430708
X 570472  Y 434251
X 570472  Y 437795
X 557480  Y 445669
X 565354  Y 445866
X 558070  Y 452952
X 565748  Y 461811
X 559251  Y 464370
X 572244  Y 465354
X 566338  Y 471456
X 550196  Y 475590
X 559055  Y 477165
X 552165  Y 482677
X 559251  Y 493110
X 559055  Y 497047
X 568110  Y 501377
X 554527  Y 514566
X 568110  Y 522440
X 553937  Y 526377
X 570472  Y 528149
X 568110  Y 534251
X 553740  Y 538582
X 567322  Y 559448
X 560039  Y 568307
X 563582  Y 569291
X 570275  Y 573228
X 560236  Y 573818
X 562401  Y 594881
X 557283  Y 603937
X 597637  Y 604133
X 576181  Y 595078
X 580708  Y 570472
X 584448  Y 562992
X 592716  Y 559842
X 583464  Y 548228
X 591732  Y 539566
X 595275  Y 539370
X 580314  Y 534251
X 596653  Y 534251
X 574409  Y 531692
X 578346  Y 528149
X 594881  Y 526377
X 574409  Y 524606
X 580314  Y 522440
X 592322  Y 514566
X 586811  Y 509251
X 586811  Y 495275
X 575196  Y 494291
X 577559  Y 491732
X 580708  Y 490354
X 587795  Y 490157
X 581102  Y 486811
X 578937  Y 484055
X 596653  Y 483661
X 573228  Y 477165
X 597637  Y 474212
X 585826  Y 470275
X 596653  Y 461614
X 573818  Y 457874
X 572834  Y 451181
X 588385  Y 446062
X 592913  Y 443503
X 588188  Y 442125
X 584645  Y 442125
X 579527  Y 439960
X 579921  Y 436023
X 579724  Y 432086
X 595078  Y 427952
X 585433  Y 416535
X 581299  Y 416338
X 581299  Y 397244
X 591338  Y 397047
X 601377  Y 397047
X 604527  Y 410236
X 604724  Y 431692
X 622244  Y 437795
X 606889  Y 446653
X 601377  Y 449803
X 618700  Y 453346
X 606496  Y 454527
X 603740  Y 459251
X 618700  Y 463582
X 615157  Y 471062
X 601771  Y 488582
X 622244  Y 494291
X 612598  Y 504527
X 606889  Y 505118
X 603149  Y 505118
X 599606  Y 505708
X 618700  Y 508661
X 617716  Y 513582
X 610629  Y 522047
X 608858  Y 525000
X 598228  Y 525787
X 605905  Y 526574
X 608267  Y 531692
X 600000  Y 532874
X 599015  Y 536811
X 609448  Y 536811
X 611220  Y 543897
X 607677  Y 548818
X 598622  Y 552559
X 605511  Y 569291
X 614370  Y 572637
X 606692  Y 590748
X 616141  Y 590944
X 600590  Y 595275
X 638582  Y 573818
X 646062  Y 572834
X 624606  Y 572440
X 642125  Y 570866
X 646259  Y 567913
X 627952  Y 559645
X 634055  Y 548818
X 634055  Y 541141
X 647440  Y 533858
X 626377  Y 530118
X 634645  Y 529921
X 640748  Y 529133
X 645078  Y 518897
X 626771  Y 517716
X 626574  Y 508661
X 641732  Y 505708
X 647637  Y 502165
X 626574  Y 498425
X 646062  Y 492125
X 624606  Y 486811
X 638188  Y 479921
X 634448  Y 463582
X 626574  Y 463582
X 646653  Y 457086
X 634448  Y 453346
X 626574  Y 453346
X 642519  Y 429330
X 629527  Y 420275
X 623031  Y 397834
X 669685  Y 397047
X 648228  Y 397834
X 650590  Y 413385
X 653740  Y 421259
X 668700  Y 422244
X 653740  Y 425196
X 669685  Y 428740
X 649803  Y 437204
X 652559  Y 449212
X 664763  Y 453149
X 649409  Y 459448
X 648425  Y 462795
X 672047  Y 468700
X 672244  Y 475787
X 666141  Y 477559
X 672244  Y 480708
X 661220  Y 501771
X 656102  Y 504527
X 652165  Y 514960
X 661417  Y 527165
X 661220  Y 532086
X 662992  Y 538976
X 672047  Y 542322
X 661811  Y 542913
X 659448  Y 551574
X 650590  Y 557677
X 667125  Y 561220
X 666929  Y 564566
X 669881  Y 573425
X 660236  Y 575984
X 650196  Y 575984
X 667125  Y 576377
X 664763  Y 594291
X 651377  Y 598228
X 687204  Y 595669
X 681496  Y 583267
X 687401  Y 583267
X 682283  Y 562007
X 685629  Y 560826
X 684448  Y 556692
X 687401  Y 553740
X 682677  Y 548031
X 680511  Y 538779
X 677362  Y 538582
X 673818  Y 538582
X 678937  Y 528740
X 686811  Y 516338
X 686811  Y 510039
X 681102  Y 505905
X 678149  Y 503937
X 692519  Y 497834
X 681102  Y 495078
X 678149  Y 491535
X 675590  Y 487204
X 693700  Y 486811
X 677165  Y 480708
X 677165  Y 463779
X 674803  Y 458661
X 681496  Y 457480
X 695275  Y 453346
X 687007  Y 445275
X 681496  Y 445275
X 681496  Y 437007
X 687007  Y 437007
X 683858  Y 427559
X 675590  Y 414173
X 690157  Y 413779
X 689960  Y 397244
X 712992  Y 410826
X 722637  Y 418503
X 700196  Y 422047
X 699803  Y 441141
X 716338  Y 441535
X 709251  Y 442716
X 712992  Y 453937
X 712795  Y 468700
X 713779  Y 483464
X 713976  Y 491141
X 703149  Y 498031
X 711220  Y 505314
X 700787  Y 515551
X 716141  Y 532874
X 713385  Y 538779
X 701771  Y 556889
X 713188  Y 560629
X 703937  Y 573818
X 713385  Y 580511
X 716338  Y 593503
X 704133  Y 594094
X 739173  Y 594488
X 732086  Y 580511
X 739960  Y 558858
X 739370  Y 530511
X 739960  Y 499212
X 726377  Y 490157
X 729921  Y 490157
X 732086  Y 484055
X 728543  Y 466338
X 742322  Y 463582
X 739370  Y 445275
X 739370  Y 418897
X 730118  Y 396653
X 751574  Y 406496
X 751377  Y 417322
X 751377  Y 452755
X 751181  Y 484842
X 751377  Y 514173
X 751771  Y 544685
X 751574  Y 567519
X 751574  Y 592519

Drill: .03543  Tool: 2  Feed: 197  Speed: 550
X 418700  Y 456102
X 404921  Y 456102

Drill: .04331  Tool: 3  Feed: 139  Speed: 550
X 433464  Y 405118
X 443307  Y 405118
X 400393  Y 486811
X 400393  Y 496653
X 400393  Y 506496
X 402480  Y 526653
X 402480  Y 536653
X 402480  Y 546653
X 402480  Y 556653
X 402480  Y 566653
X 436653  Y 595393
X 446653  Y 595393
X 426653  Y 595393
X 446653  Y 605393
X 436653  Y 605393
X 426653  Y 605393
X 456653  Y 605393
X 466653  Y 605393
X 476653  Y 605393
X 486653  Y 605393
X 496653  Y 605393
X 476653  Y 595393
X 466653  Y 595393
X 486653  Y 595393
X 456653  Y 595393
X 496653  Y 595393
X 453149  Y 405118
X 526653  Y 402480
X 536653  Y 402480
X 546653  Y 402480
X 526653  Y 595393
X 536653  Y 595393
X 546653  Y 595393
X 506653  Y 595393
X 516653  Y 595393
X 526653  Y 605393
X 546653  Y 605393
X 516653  Y 605393
X 506653  Y 605393
X 536653  Y 605393
X 566653  Y 605393
X 576653  Y 605393
X 586653  Y 605393
X 576653  Y 402480
X 586653  Y 402480
X 596653  Y 402480
X 566653  Y 402480
X 556653  Y 402480
X 616653  Y 402480
X 606653  Y 402480
X 608267  Y 465708
X 608267  Y 475708
X 608267  Y 485708
X 608267  Y 495708
X 655000  Y 605393
X 665000  Y 605393
X 675000  Y 605393
X 685000  Y 605393
X 695000  Y 605393
X 685000  Y 402480
X 665000  Y 402480
X 655000  Y 402480
X 675000  Y 402480
X 695000  Y 402480
X 715000  Y 402480
X 705000  Y 402480
X 735000  Y 402480
X 745000  Y 402480
X 725000  Y 402480
X 705000  Y 605393
X 715000  Y 605393
X 745000  Y 605393
X 735000  Y 605393
X 725000  Y 605393

Drill: .12598  Tool: 4  Feed: 35  Speed: 794
X 407480  Y 407480
X 407480  Y 600393
X 635826  Y 600393
X 635826  Y 407480

End of Listing
